<?xml version="1.0" encoding="UTF-8"?>
<!-- Generated by org.testng.reporters.JUnitReportReporter -->
<testsuite skipped="0" hostname="DESKTOP-BLHDVQQ" name="com.pratice.apis.CheckOath" tests="1" failures="0" timestamp="18 Dec 2020 12:37:06 GMT" time="5.705" errors="0">
  <testcase name="accessTokenAPI" time="5.705" classname="com.pratice.apis.CheckOath"/>
</testsuite> <!-- com.pratice.apis.CheckOath -->
