<?xml version="1.0" encoding="UTF-8"?>
<!-- Generated by org.testng.reporters.JUnitReportReporter -->
<testsuite skipped="0" hostname="DESKTOP-BLHDVQQ" name="com.RMG.GitAPI.GitApiTest" tests="1" failures="0" timestamp="18 Dec 2020 06:55:18 GMT" time="6.138" errors="0">
  <testcase name="authenticationTest" time="6.138" classname="com.RMG.GitAPI.GitApiTest"/>
</testsuite> <!-- com.RMG.GitAPI.GitApiTest -->
