<?xml version="1.0" encoding="UTF-8"?>
<!-- Generated by org.testng.reporters.JUnitReportReporter -->
<testsuite skipped="0" hostname="DESKTOP-BLHDVQQ" name="com.pratice.apis.AccessPosts" tests="1" failures="0" timestamp="18 Dec 2020 12:34:38 GMT" time="5.558" errors="0">
  <testcase name="fetchPosts" time="5.558" classname="com.pratice.apis.AccessPosts"/>
</testsuite> <!-- com.pratice.apis.AccessPosts -->
