<?xml version="1.0" encoding="UTF-8"?>
<!-- Generated by org.testng.reporters.JUnitReportReporter -->
<testsuite skipped="0" hostname="DESKTOP-BLHDVQQ" name="com.pratice.apis.FetchAllProjects" tests="1" failures="0" timestamp="17 Dec 2020 06:11:08 GMT" time="3.815" errors="0">
  <testcase name="getAllProjectDetails" time="3.815" classname="com.pratice.apis.FetchAllProjects"/>
</testsuite> <!-- com.pratice.apis.FetchAllProjects -->
