<?xml version="1.0" encoding="UTF-8"?>
<!-- Generated by org.testng.reporters.JUnitReportReporter -->
<testsuite skipped="0" hostname="DESKTOP-BLHDVQQ" name="com.RMG.GitAPI.OAuth2Test" tests="1" failures="0" timestamp="18 Dec 2020 12:12:08 GMT" time="5.591" errors="0">
  <testcase name="oAuthTest" time="5.591" classname="com.RMG.GitAPI.OAuth2Test"/>
</testsuite> <!-- com.RMG.GitAPI.OAuth2Test -->
