<?xml version="1.0" encoding="UTF-8"?>
<!-- Generated by org.testng.reporters.JUnitReportReporter -->
<testsuite skipped="0" hostname="DESKTOP-BLHDVQQ" name="com.pratice.apis.CreateNewProject" tests="1" failures="0" timestamp="16 Dec 2020 06:43:26 GMT" time="5.044" errors="0">
  <testcase name="generateNewProject" time="5.044" classname="com.pratice.apis.CreateNewProject"/>
</testsuite> <!-- com.pratice.apis.CreateNewProject -->
