<?xml version="1.0" encoding="UTF-8"?>
<!-- Generated by org.testng.reporters.JUnitReportReporter -->
<testsuite skipped="0" hostname="DESKTOP-BLHDVQQ" name="com.pratice.apis.UpdateProject" tests="1" failures="0" timestamp="17 Dec 2020 05:51:34 GMT" time="4.468" errors="0">
  <testcase name="updateProjectData" time="4.468" classname="com.pratice.apis.UpdateProject"/>
</testsuite> <!-- com.pratice.apis.UpdateProject -->
