<?xml version="1.0" encoding="UTF-8"?>
<!-- Generated by org.testng.reporters.JUnitReportReporter -->
<testsuite skipped="0" hostname="DESKTOP-BLHDVQQ" name="com.pratice.apis.AddProjectThroughFile" tests="1" failures="0" timestamp="17 Dec 2020 06:10:45 GMT" time="3.693" errors="0">
  <testcase name="insertProjectFromFile" time="3.693" classname="com.pratice.apis.AddProjectThroughFile"/>
</testsuite> <!-- com.pratice.apis.AddProjectThroughFile -->
